<?xml version="1.0" encoding="UTF-8"?>
<!-- Generated by org.testng.reporters.JUnitReportReporter -->
<testsuite skipped="2" hostname="LAPTOP-P7PVMV8E" name="TestNG_framework" tests="9" failures="0" timestamp="2022-04-03T11:07:39 IST" time="47.930" errors="0">
  <testcase name="gmail" time="11.173" classname="TestNG_framework"/>
  <system-out/>
  <testcase name="browserlaunch" time="2.984" classname="TestNG_framework"/>
  <system-out/>
  <testcase name="hotstar" time="10.429" classname="TestNG_framework"/>
  <system-out/>
  <testcase name="facebook" time="14.654" classname="TestNG_framework"/>
  <system-out/>
  <testcase name="hotstar" time="7.668" classname="TestNG_framework"/>
  <system-out/>
  <testcase name="m1" time="0.000" classname="TestNG_framework"/>
  <system-out/>
  <testcase name="method2" time="1.022" classname="TestNG_framework"/>
  <system-out/>
  <testcase name="googl" classname="TestNG_framework">
    <skipped/>
  </testcase> <!-- googl -->
  <system-out/>
  <testcase name="nares" classname="TestNG_framework">
    <skipped/>
  </testcase> <!-- nares -->
  <system-out/>
</testsuite> <!-- TestNG_framework -->
