<?xml version="1.0" encoding="UTF-8"?>
<!-- Generated by org.testng.reporters.JUnitReportReporter -->
<testsuite skipped="0" hostname="LAPTOP-P7PVMV8E" name="MavenNaresh.project_example.Loginpage" tests="1" failures="0" timestamp="2022-04-03T21:15:58 IST" time="25.229" errors="0">
  <testcase name="login" time="25.229" classname="MavenNaresh.project_example.Loginpage"/>
  <system-out/>
</testsuite> <!-- MavenNaresh.project_example.Loginpage -->
