<?xml version="1.0" encoding="UTF-8"?>
<!-- Generated by org.testng.reporters.JUnitReportReporter -->
<testsuite skipped="0" hostname="LAPTOP-P7PVMV8E" name="MavenNaresh.project_example.copy" tests="1" failures="0" timestamp="2022-04-04T10:55:56 IST" time="0.016" errors="0">
  <testcase name="parameter" time="0.016" classname="MavenNaresh.project_example.copy"/>
  <system-out/>
</testsuite> <!-- MavenNaresh.project_example.copy -->
