<?xml version="1.0" encoding="UTF-8"?>
<!-- Generated by org.testng.reporters.JUnitReportReporter -->
<testsuite skipped="2" hostname="LAPTOP-P7PVMV8E" name="MavenNaresh.project_example.NewTest" tests="3" failures="0" timestamp="2022-04-08T22:12:32 IST" time="31.845" errors="0">
  <testcase name="f" time="8.532" classname="MavenNaresh.project_example.NewTest">
    <skipped/>
  </testcase> <!-- f -->
  <system-out/>
  <testcase name="f" time="8.634" classname="MavenNaresh.project_example.NewTest">
    <skipped/>
  </testcase> <!-- f -->
  <system-out/>
  <testcase name="f" time="14.679" classname="MavenNaresh.project_example.NewTest"/>
  <system-out/>
</testsuite> <!-- MavenNaresh.project_example.NewTest -->
